<?xml version="1.0" encoding="UTF-8"?>
<!-- Generated by org.testng.reporters.JUnitXMLReporter -->
<testsuite ignored="2" hostname="DESKTOP-9BNFEB8" failures="0" tests="3" name="GRP-Module01" time="0.084" errors="0" timestamp="2023-04-22T16:48:56 NZST">
  <testcase classname="com.banking.Digi.GroupsDemo" name="Testcase1" time="0.015"/>
  <testcase classname="com.banking.Digi.GroupsDemo" name="Testcase2" time="0.001"/>
  <testcase classname="com.banking.Digi.GroupsDemo" name="Testcase3" time="0.001"/>
  <testcase classname="com.banking.Digi.GroupsDemo" name="Testcase5" time="0.0">
    <ignored/>
  </testcase> <!-- Testcase5 -->
  <testcase classname="com.banking.Digi.GroupsDemo" name="Testcase4" time="0.0">
    <ignored/>
  </testcase> <!-- Testcase4 -->
</testsuite> <!-- GRP-Module01 -->
