<?xml version="1.0" encoding="UTF-8"?>
<!-- Generated by org.testng.reporters.JUnitXMLReporter -->
<testsuite ignored="3" hostname="DESKTOP-9BNFEB8" failures="0" tests="2" name="GRP-Module02" time="0.079" errors="0" timestamp="2023-04-22T16:34:52 NZST">
  <testcase classname="com.banking.Digi.GroupsDemo" name="Testcase4" time="0.015"/>
  <testcase classname="com.banking.Digi.GroupsDemo" name="Testcase5" time="0.003"/>
  <testcase classname="com.banking.Digi.GroupsDemo" name="Testcase2" time="0.0">
    <ignored/>
  </testcase> <!-- Testcase2 -->
  <testcase classname="com.banking.Digi.GroupsDemo" name="Testcase1" time="0.0">
    <ignored/>
  </testcase> <!-- Testcase1 -->
  <testcase classname="com.banking.Digi.GroupsDemo" name="Testcase3" time="0.0">
    <ignored/>
  </testcase> <!-- Testcase3 -->
</testsuite> <!-- GRP-Module02 -->
