<?xml version="1.0" encoding="UTF-8"?>
<!-- Generated by org.testng.reporters.JUnitXMLReporter -->
<testsuite ignored="0" hostname="DESKTOP-9BNFEB8" failures="1" tests="2" name="TimeTest" time="0.867" errors="0" timestamp="2023-04-24T20:35:20 NZST">
  <testcase classname="com.banking.Digi.TimeTest" name="test1" time="0.531">
    <failure type="org.testng.internal.thread.ThreadTimeoutException" message="Method com.banking.Digi.TimeTest.test1() didn&amp;apos;t finish within the time-out 500">
      <![CDATA[org.testng.internal.thread.ThreadTimeoutException: Method com.banking.Digi.TimeTest.test1() didn't finish within the time-out 500
at java.base/java.util.ArrayList.forEach(ArrayList.java:1511)
... Removed 24 stack frames]]>
    </failure>
  </testcase> <!-- test1 -->
  <testcase classname="com.banking.Digi.TimeTest" name="test2" time="0.259"/>
</testsuite> <!-- TimeTest -->
