<?xml version="1.0" encoding="UTF-8"?>
<!-- Generated by org.testng.reporters.JUnitXMLReporter -->
<testsuite ignored="2" hostname="DESKTOP-9BNFEB8" failures="0" tests="2" name="ExcludeGroup Test" time="0.076" errors="0" timestamp="2023-04-12T23:41:08 NZST">
  <testcase classname="com.banking.Digi.ExcludeGroups" name="tesMethodone" time="0.015"/>
  <testcase classname="com.banking.Digi.ExcludeGroups" name="tesMethodtwo" time="0.003"/>
  <testcase classname="com.banking.Digi.ExcludeGroups" name="tesMethodthree" time="0.0">
    <ignored/>
  </testcase> <!-- tesMethodthree -->
  <testcase classname="com.banking.Digi.ExcludeGroups" name="tesMethodfour" time="0.0">
    <ignored/>
  </testcase> <!-- tesMethodfour -->
</testsuite> <!-- ExcludeGroup Test -->
