<?xml version="1.0" encoding="UTF-8"?>
<testng-results ignored="0" total="2" passed="2" failed="0" skipped="0">
  <reporter-output>
  </reporter-output>
  <suite started-at="2023-05-09T18:37:39 NZST" name="Default suite" finished-at="2023-05-09T18:37:59 NZST" duration-ms="20625">
    <groups>
    </groups>
    <test started-at="2023-05-09T18:37:39 NZST" name="Default test" finished-at="2023-05-09T18:37:59 NZST" duration-ms="20625">
      <class name="com.banking.Digi.WebElementTesting">
        <test-method is-config="true" signature="LaunchBrowser()[pri:0, instance:com.banking.Digi.WebElementTesting@34e9fd99]" started-at="2023-05-09T18:37:39 NZST" name="LaunchBrowser" finished-at="2023-05-09T18:37:53 NZST" duration-ms="14160" status="PASS">
          <reporter-output>
          </reporter-output>
        </test-method> <!-- LaunchBrowser -->
        <test-method signature="VerifyRadioButton()[pri:1, instance:com.banking.Digi.WebElementTesting@34e9fd99]" started-at="2023-05-09T18:37:53 NZST" name="VerifyRadioButton" finished-at="2023-05-09T18:37:55 NZST" duration-ms="2098" status="PASS">
          <reporter-output>
          </reporter-output>
        </test-method> <!-- VerifyRadioButton -->
        <test-method signature="VerifyCheckbox()[pri:2, instance:com.banking.Digi.WebElementTesting@34e9fd99]" started-at="2023-05-09T18:37:55 NZST" name="VerifyCheckbox" finished-at="2023-05-09T18:37:57 NZST" duration-ms="2102" status="PASS">
          <reporter-output>
          </reporter-output>
        </test-method> <!-- VerifyCheckbox -->
        <test-method is-config="true" signature="CloseBrowser()[pri:0, instance:com.banking.Digi.WebElementTesting@34e9fd99]" started-at="2023-05-09T18:37:57 NZST" name="CloseBrowser" finished-at="2023-05-09T18:37:59 NZST" duration-ms="2207" status="PASS">
          <reporter-output>
          </reporter-output>
        </test-method> <!-- CloseBrowser -->
      </class> <!-- com.banking.Digi.WebElementTesting -->
    </test> <!-- Default test -->
  </suite> <!-- Default suite -->
</testng-results>
