<?xml version="1.0" encoding="UTF-8"?>
<!-- Generated by org.testng.reporters.JUnitXMLReporter -->
<testsuite ignored="0" hostname="DESKTOP-9BNFEB8" failures="0" tests="4" name="ParallelTest" time="0.128" errors="0" timestamp="2023-04-25T11:16:41 NZST">
  <testcase classname="com.banking.Digi.ParallelTestTwo" name="TestMethodOne" time="0.021"/>
  <testcase classname="com.banking.Digi.ParallelTestOne" name="TestMethodOne" time="0.02"/>
  <testcase classname="com.banking.Digi.ParallelTestOne" name="TestMethodTwo" time="0.002"/>
  <testcase classname="com.banking.Digi.ParallelTestTwo" name="TestMethodTwo" time="0.01"/>
</testsuite> <!-- ParallelTest -->
