<?xml version="1.0" encoding="UTF-8"?>
<!-- Generated by org.testng.reporters.JUnitXMLReporter -->
<testsuite ignored="0" hostname="DESKTOP-9BNFEB8" failures="0" tests="4" name="DataProviderTest" time="0.093" errors="0" timestamp="2023-04-25T09:11:29 NZST">
  <testcase classname="com.banking.Digi.SampleDataProvider" name="testMethod" time="0.012"/>
  <testcase classname="com.banking.Digi.SampleDataProvider" name="testMethod" time="0.002"/>
  <testcase classname="com.banking.Digi.SampleDataProvider" name="testMethod" time="0.005"/>
  <testcase classname="com.banking.Digi.SampleDataProvider" name="testMethod" time="0.003"/>
</testsuite> <!-- DataProviderTest -->
